[35m[Appium][39m Welcome to Appium v1.22.3
[35m[Appium][39m Non-default server args:
[35m[Appium][39m   port: 63293
[35m[Appium][39m   loglevel: info
[35m[Appium][39m   tmpDir: C:\Users\BRI\AppData\Local\Temp\\Katalon\Appium\Temp1672927653200
[35m[Appium][39m   chromedriverPort: 63295
[35m[Appium][39m Deprecated server args:
[35m[Appium][39m   [31m--chromedriver-port[39m => --default-capabilities
[35m[Appium][39m Default capabilities, which will be added to each request unless overridden by desired capabilities:
[35m[Appium][39m   chromedriverPort: 63295
[35m[Appium][39m Appium REST http interface listener started on 0.0.0.0:63293
[35m[HTTP][39m [37m-->[39m [37mGET[39m [37m/wd/hub/status[39m
[35m[HTTP][39m [90m{}[39m
[35m[HTTP][39m [37m<-- GET /wd/hub/status [39m[32m200[39m [90m5 ms - 68[39m
[35m[HTTP][39m [90m[39m
[35m[HTTP][39m [37m-->[39m [37mGET[39m [37m/wd/hub/status[39m
[35m[HTTP][39m [90m{}[39m
[35m[HTTP][39m [37m<-- GET /wd/hub/status [39m[32m200[39m [90m1 ms - 68[39m
[35m[HTTP][39m [90m[39m
[35m[HTTP][39m [37m-->[39m [37mPOST[39m [37m/wd/hub/session[39m
[35m[HTTP][39m [90m{"desiredCapabilities":{"appActivity":".Settings","appPackage":"com.android.settings","newCommandTimeout":1800,"platformVersion":"12","automationName":"uiautomator2","autoGrantPermissions":true,"platformName":"Android","udid":"RRCT3046DNF","deviceName":"samsung SM-A528B (Android 12)","platform":"ANDROID","systemPort":8221},"capabilities":{"firstMatch":[{"appium:appActivity":".Settings","appium:appPackage":"com.android.settings","appium:autoGrantPermissions":true,"appium:automationName":"uiautomator2","appium:deviceName":"samsung SM-A528B (Android 12)","appium:newCommandTimeout":1800,"platform":"ANDROID","platformName":"android","appium:platformVersion":"12","appium:systemPort":8221,"appium:udid":"RRCT3046DNF"}]}}[39m
[35m[BaseDriver][39m The following capabilities are not standard capabilities and should have an extension prefix:
[35m[BaseDriver][39m   platform
[35m[BaseDriver][39m   chromedriverPort
[35m[Appium][39m Appium v1.22.3 creating new AndroidUiautomator2Driver (v1.70.1) session
[35m[BaseDriver][39m The following capabilities were provided, but are not recognized by Appium:
[35m[BaseDriver][39m   platform
[35m[BaseDriver][39m Session created with session id: a3305768-02c0-42e4-8104-11d14cbb4f05
[35m[UiAutomator2][39m Starting 'com.android.settings' directly on the device
[35m[ADB][39m Found 1 'build-tools' folders under 'C:\Users\BRI\.katalon\tools\android_sdk' (newest first):
[35m[ADB][39m     C:/Users/BRI/.katalon/tools/android_sdk/build-tools/29.0.3
[35m[ADB][39m Using 'adb.exe' from 'C:\Users\BRI\.katalon\tools\android_sdk\platform-tools\adb.exe'
[35m[AndroidDriver][39m Retrieving device list
[35m[AndroidDriver][39m Using device: RRCT3046DNF
[35m[ADB][39m Using 'adb.exe' from 'C:\Users\BRI\.katalon\tools\android_sdk\platform-tools\adb.exe'
[35m[ADB][39m Getting device platform version
[35m[UiAutomator2][39m Relaxing hidden api policy
[35m[AndroidDriver][39m No app sent in, not parsing package/activity
[35m[ADB][39m Using 'apksigner.jar' from 'C:\Users\BRI\.katalon\tools\android_sdk\build-tools\29.0.3\lib\apksigner.jar'
[35m[ADB][39m 'C:\Users\BRI\AppData\Roaming\npm\node_modules\appium\node_modules\appium-uiautomator2-server\apks\appium-uiautomator2-server-v4.27.0.apk' is signed with the default certificate
[35m[ADB][39m 'C:\Users\BRI\AppData\Roaming\npm\node_modules\appium\node_modules\appium-uiautomator2-server\apks\appium-uiautomator2-server-debug-androidTest.apk' is signed with the default certificate
[35m[UiAutomator2][39m Server packages are not going to be (re)installed
[35m[ADB][39m Adding packages ["io.appium.settings","io.appium.uiautomator2.server","io.appium.uiautomator2.server.test"] to Doze whitelist
[35m[ADB][39m com.android.settings contains no permissions available for granting
[35m[UiAutomator2][39m Starting UIAutomator2 server 4.27.0
[35m[UiAutomator2][39m Using UIAutomator2 server from 'C:\Users\BRI\AppData\Roaming\npm\node_modules\appium\node_modules\appium-uiautomator2-server\apks\appium-uiautomator2-server-v4.27.0.apk' and test from 'C:\Users\BRI\AppData\Roaming\npm\node_modules\appium\node_modules\appium-uiautomator2-server\apks\appium-uiautomator2-server-debug-androidTest.apk'
[35m[UiAutomator2][39m Waiting up to 30000ms for UiAutomator2 to be online...
[35m[WD Proxy][39m socket hang up
[35m[WD Proxy][39m socket hang up
[35m[WD Proxy][39m socket hang up
[35m[WD Proxy][39m Determined the downstream protocol as 'W3C'
[35m[AndroidDriver][39m Screen already unlocked, doing nothing
[35m[UiAutomator2][39m Starting 'com.android.settings/.Settings and waiting for 'com.android.settings/.Settings'
[35m[Appium][39m New AndroidUiautomator2Driver session created successfully, session a3305768-02c0-42e4-8104-11d14cbb4f05 added to master session list
[35m[HTTP][39m [37m<-- POST /wd/hub/session [39m[32m200[39m [90m12200 ms - 1158[39m
[35m[HTTP][39m [90m[39m
[35m[HTTP][39m [37m-->[39m [37mGET[39m [37m/wd/hub/session/a3305768-02c0-42e4-8104-11d14cbb4f05[39m
[35m[HTTP][39m [90m{}[39m
[35m[HTTP][39m [37m<-- GET /wd/hub/session/a3305768-02c0-42e4-8104-11d14cbb4f05 [39m[32m200[39m [90m16 ms - 1112[39m
[35m[HTTP][39m [90m[39m
[35m[HTTP][39m [37m-->[39m [37mGET[39m [37m/wd/hub/session/a3305768-02c0-42e4-8104-11d14cbb4f05[39m
[35m[HTTP][39m [90m{}[39m
[35m[HTTP][39m [37m<-- GET /wd/hub/session/a3305768-02c0-42e4-8104-11d14cbb4f05 [39m[32m200[39m [90m19 ms - 1112[39m
[35m[HTTP][39m [90m[39m
[35m[HTTP][39m [37m-->[39m [37mGET[39m [37m/wd/hub/status[39m
[35m[HTTP][39m [90m{}[39m
[35m[HTTP][39m [37m<-- GET /wd/hub/status [39m[32m200[39m [90m2 ms - 68[39m
[35m[HTTP][39m [90m[39m
[35m[HTTP][39m [37m-->[39m [37mPOST[39m [37m/wd/hub/session/a3305768-02c0-42e4-8104-11d14cbb4f05/timeouts[39m
[35m[HTTP][39m [90m{"implicit":60000}[39m
[35m[HTTP][39m [37m<-- POST /wd/hub/session/a3305768-02c0-42e4-8104-11d14cbb4f05/timeouts [39m[32m200[39m [90m6 ms - 14[39m
[35m[HTTP][39m [90m[39m
[35m[HTTP][39m [37m-->[39m [37mGET[39m [37m/wd/hub/session/a3305768-02c0-42e4-8104-11d14cbb4f05/screenshot[39m
[35m[HTTP][39m [90m{}[39m
[35m[HTTP][39m [37m<-- GET /wd/hub/session/a3305768-02c0-42e4-8104-11d14cbb4f05/screenshot [39m[32m200[39m [90m396 ms - 215494[39m
[35m[HTTP][39m [90m[39m
[35m[HTTP][39m [37m-->[39m [37mGET[39m [37m/wd/hub/session/a3305768-02c0-42e4-8104-11d14cbb4f05/window/rect[39m
[35m[HTTP][39m [90m{}[39m
[35m[HTTP][39m [37m<-- GET /wd/hub/session/a3305768-02c0-42e4-8104-11d14cbb4f05/window/rect [39m[32m200[39m [90m34 ms - 50[39m
[35m[HTTP][39m [90m[39m
[35m[HTTP][39m [37m-->[39m [37mGET[39m [37m/wd/hub/session/a3305768-02c0-42e4-8104-11d14cbb4f05/appium/device/system_bars[39m
[35m[HTTP][39m [90m{}[39m
[35m[HTTP][39m [37m<-- GET /wd/hub/session/a3305768-02c0-42e4-8104-11d14cbb4f05/appium/device/system_bars [39m[32m200[39m [90m400 ms - 145[39m
[35m[HTTP][39m [90m[39m
[35m[HTTP][39m [37m-->[39m [37mPOST[39m [37m/wd/hub/session/a3305768-02c0-42e4-8104-11d14cbb4f05/appium/device/activate_app[39m
[35m[HTTP][39m [90m{"bundleId":"com.example.mikebanks.bankscorpfinancial"}[39m
[35m[HTTP][39m [37m<-- POST /wd/hub/session/a3305768-02c0-42e4-8104-11d14cbb4f05/appium/device/activate_app [39m[32m200[39m [90m728 ms - 14[39m
[35m[HTTP][39m [90m[39m
[35m[HTTP][39m [37m-->[39m [37mGET[39m [37m/wd/hub/session/a3305768-02c0-42e4-8104-11d14cbb4f05/source[39m
[35m[HTTP][39m [90m{}[39m
[35m[W3C (a3305768)][39m Driver proxy active, passing request on via HTTP proxy
[35m[WD Proxy][39m Replacing sessionId 22a1d5b3-a5b5-4227-80e4-734cbe823d02 with a3305768-02c0-42e4-8104-11d14cbb4f05
[35m[HTTP][39m [37m<-- GET /wd/hub/session/a3305768-02c0-42e4-8104-11d14cbb4f05/source [39m[32m200[39m [90m1049 ms - 3888[39m
[35m[HTTP][39m [90m[39m
[35m[HTTP][39m [37m-->[39m [37mGET[39m [37m/wd/hub/session/a3305768-02c0-42e4-8104-11d14cbb4f05/screenshot[39m
[35m[HTTP][39m [90m{}[39m
[35m[HTTP][39m [37m<-- GET /wd/hub/session/a3305768-02c0-42e4-8104-11d14cbb4f05/screenshot [39m[32m200[39m [90m346 ms - 133414[39m
[35m[HTTP][39m [90m[39m
[35m[HTTP][39m [37m-->[39m [37mPOST[39m [37m/wd/hub/session/a3305768-02c0-42e4-8104-11d14cbb4f05/elements[39m
[35m[HTTP][39m [90m{"using":"xpath","value":"//*[@class = 'android.widget.Button' and (@text = 'CANCEL' or . = 'CANCEL') and @resource-id = 'com.example.mikebanks.bankscorpfinancial:id/btn_cancel_dialog']"}[39m
[35m[HTTP][39m [37m<-- POST /wd/hub/session/a3305768-02c0-42e4-8104-11d14cbb4f05/elements [39m[32m200[39m [90m277 ms - 139[39m
[35m[HTTP][39m [90m[39m
[35m[HTTP][39m [37m-->[39m [37mGET[39m [37m/wd/hub/session/a3305768-02c0-42e4-8104-11d14cbb4f05/window/rect[39m
[35m[HTTP][39m [90m{}[39m
[35m[HTTP][39m [37m<-- GET /wd/hub/session/a3305768-02c0-42e4-8104-11d14cbb4f05/window/rect [39m[32m200[39m [90m17 ms - 50[39m
[35m[HTTP][39m [90m[39m
[35m[HTTP][39m [37m-->[39m [37mPOST[39m [37m/wd/hub/session/a3305768-02c0-42e4-8104-11d14cbb4f05/elements[39m
[35m[HTTP][39m [90m{"using":"xpath","value":"//*[@class = 'android.widget.Button' and (@text = 'CANCEL' or . = 'CANCEL') and @resource-id = 'com.example.mikebanks.bankscorpfinancial:id/btn_cancel_dialog']"}[39m
[35m[HTTP][39m [37m<-- POST /wd/hub/session/a3305768-02c0-42e4-8104-11d14cbb4f05/elements [39m[32m200[39m [90m121 ms - 139[39m
[35m[HTTP][39m [90m[39m
[35m[HTTP][39m [37m-->[39m [37mGET[39m [37m/wd/hub/session/a3305768-02c0-42e4-8104-11d14cbb4f05/element/00000000-0000-1af0-ffff-ffff000002a0/location[39m
[35m[HTTP][39m [90m{}[39m
[35m[W3C (a3305768)][39m Driver proxy active, passing request on via HTTP proxy
[35m[WD Proxy][39m Replacing sessionId 22a1d5b3-a5b5-4227-80e4-734cbe823d02 with a3305768-02c0-42e4-8104-11d14cbb4f05
[35m[HTTP][39m [37m<-- GET /wd/hub/session/a3305768-02c0-42e4-8104-11d14cbb4f05/element/00000000-0000-1af0-ffff-ffff000002a0/location [39m[32m200[39m [90m29 ms - 79[39m
[35m[HTTP][39m [90m[39m
[35m[HTTP][39m [37m-->[39m [37mPOST[39m [37m/wd/hub/session/a3305768-02c0-42e4-8104-11d14cbb4f05/element/00000000-0000-1af0-ffff-ffff000002a0/click[39m
[35m[HTTP][39m [90m{"id":"00000000-0000-1af0-ffff-ffff000002a0"}[39m
[35m[HTTP][39m [37m<-- POST /wd/hub/session/a3305768-02c0-42e4-8104-11d14cbb4f05/element/00000000-0000-1af0-ffff-ffff000002a0/click [39m[32m200[39m [90m111 ms - 14[39m
[35m[HTTP][39m [90m[39m
[35m[HTTP][39m [37m-->[39m [37mGET[39m [37m/wd/hub/session/a3305768-02c0-42e4-8104-11d14cbb4f05/source[39m
[35m[HTTP][39m [90m{}[39m
[35m[W3C (a3305768)][39m Driver proxy active, passing request on via HTTP proxy
[35m[WD Proxy][39m Replacing sessionId 22a1d5b3-a5b5-4227-80e4-734cbe823d02 with a3305768-02c0-42e4-8104-11d14cbb4f05
[35m[HTTP][39m [37m<-- GET /wd/hub/session/a3305768-02c0-42e4-8104-11d14cbb4f05/source [39m[32m200[39m [90m191 ms - 14257[39m
[35m[HTTP][39m [90m[39m
[35m[HTTP][39m [37m-->[39m [37mGET[39m [37m/wd/hub/session/a3305768-02c0-42e4-8104-11d14cbb4f05/screenshot[39m
[35m[HTTP][39m [90m{}[39m
[35m[HTTP][39m [37m<-- GET /wd/hub/session/a3305768-02c0-42e4-8104-11d14cbb4f05/screenshot [39m[32m200[39m [90m517 ms - 148000[39m
[35m[HTTP][39m [90m[39m
[35m[HTTP][39m [37m-->[39m [37mPOST[39m [37m/wd/hub/session/a3305768-02c0-42e4-8104-11d14cbb4f05/elements[39m
[35m[HTTP][39m [90m{"using":"xpath","value":"//*[@class = 'android.widget.TextView' and (@text = 'Payment' or . = 'Payment')]"}[39m
[35m[HTTP][39m [37m<-- POST /wd/hub/session/a3305768-02c0-42e4-8104-11d14cbb4f05/elements [39m[32m200[39m [90m162 ms - 139[39m
[35m[HTTP][39m [90m[39m
[35m[HTTP][39m [37m-->[39m [37mGET[39m [37m/wd/hub/session/a3305768-02c0-42e4-8104-11d14cbb4f05/window/rect[39m
[35m[HTTP][39m [90m{}[39m
[35m[HTTP][39m [37m<-- GET /wd/hub/session/a3305768-02c0-42e4-8104-11d14cbb4f05/window/rect [39m[32m200[39m [90m13 ms - 50[39m
[35m[HTTP][39m [90m[39m
[35m[HTTP][39m [37m-->[39m [37mPOST[39m [37m/wd/hub/session/a3305768-02c0-42e4-8104-11d14cbb4f05/elements[39m
[35m[HTTP][39m [90m{"using":"xpath","value":"//*[@class = 'android.widget.TextView' and (@text = 'Payment' or . = 'Payment')]"}[39m
[35m[HTTP][39m [37m<-- POST /wd/hub/session/a3305768-02c0-42e4-8104-11d14cbb4f05/elements [39m[32m200[39m [90m132 ms - 139[39m
[35m[HTTP][39m [90m[39m
[35m[HTTP][39m [37m-->[39m [37mGET[39m [37m/wd/hub/session/a3305768-02c0-42e4-8104-11d14cbb4f05/element/00000000-0000-1ae7-ffff-ffff00000229/location[39m
[35m[HTTP][39m [90m{}[39m
[35m[W3C (a3305768)][39m Driver proxy active, passing request on via HTTP proxy
[35m[WD Proxy][39m Replacing sessionId 22a1d5b3-a5b5-4227-80e4-734cbe823d02 with a3305768-02c0-42e4-8104-11d14cbb4f05
[35m[HTTP][39m [37m<-- GET /wd/hub/session/a3305768-02c0-42e4-8104-11d14cbb4f05/element/00000000-0000-1ae7-ffff-ffff00000229/location [39m[32m200[39m [90m22 ms - 78[39m
[35m[HTTP][39m [90m[39m
[35m[HTTP][39m [37m-->[39m [37mPOST[39m [37m/wd/hub/session/a3305768-02c0-42e4-8104-11d14cbb4f05/element/00000000-0000-1ae7-ffff-ffff00000229/click[39m
[35m[HTTP][39m [90m{"id":"00000000-0000-1ae7-ffff-ffff00000229"}[39m
[35m[HTTP][39m [37m<-- POST /wd/hub/session/a3305768-02c0-42e4-8104-11d14cbb4f05/element/00000000-0000-1ae7-ffff-ffff00000229/click [39m[32m200[39m [90m68 ms - 14[39m
[35m[HTTP][39m [90m[39m
[35m[HTTP][39m [37m-->[39m [37mGET[39m [37m/wd/hub/session/a3305768-02c0-42e4-8104-11d14cbb4f05/source[39m
[35m[HTTP][39m [90m{}[39m
[35m[W3C (a3305768)][39m Driver proxy active, passing request on via HTTP proxy
[35m[WD Proxy][39m Replacing sessionId 22a1d5b3-a5b5-4227-80e4-734cbe823d02 with a3305768-02c0-42e4-8104-11d14cbb4f05
[35m[HTTP][39m [37m<-- GET /wd/hub/session/a3305768-02c0-42e4-8104-11d14cbb4f05/source [39m[32m200[39m [90m170 ms - 14098[39m
[35m[HTTP][39m [90m[39m
[35m[HTTP][39m [37m-->[39m [37mGET[39m [37m/wd/hub/session/a3305768-02c0-42e4-8104-11d14cbb4f05/screenshot[39m
[35m[HTTP][39m [90m{}[39m
[35m[HTTP][39m [37m<-- GET /wd/hub/session/a3305768-02c0-42e4-8104-11d14cbb4f05/screenshot [39m[32m200[39m [90m515 ms - 130116[39m
[35m[HTTP][39m [90m[39m
[35m[HTTP][39m [37m-->[39m [37mDELETE[39m [37m/wd/hub/session/a3305768-02c0-42e4-8104-11d14cbb4f05[39m
[35m[HTTP][39m [90m{}[39m
[35m[Appium][39m Removing session a3305768-02c0-42e4-8104-11d14cbb4f05 from our master session list
[35m[UiAutomator2][39m Restoring hidden api policy to the device default configuration
[35m[HTTP][39m [37m<-- DELETE /wd/hub/session/a3305768-02c0-42e4-8104-11d14cbb4f05 [39m[32m200[39m [90m607 ms - 14[39m
[35m[HTTP][39m [90m[39m
